<?xml version="1.0" encoding="utf-8"?><testsuites name="pytest tests"><testsuite name="pytest" errors="0" failures="0" skipped="0" tests="10" time="1.755" timestamp="2026-05-11T05:24:06.630226+00:00" hostname="agent-env-8d7d8e77-c0c1-4735-a84f-968ec73ee6b9"><testcase classname="backend.tests.test_api" name="test_health_root" time="0.132" /><testcase classname="backend.tests.test_api" name="test_get_agenda_seeded" time="0.094" /><testcase classname="backend.tests.test_api" name="test_put_agenda_persists" time="0.238" /><testcase classname="backend.tests.test_api" name="test_put_agenda_not_found" time="0.141" /><testcase classname="backend.tests.test_api" name="test_get_sessions_seeded" time="0.158" /><testcase classname="backend.tests.test_api" name="test_put_session_persists" time="0.280" /><testcase classname="backend.tests.test_api" name="test_get_resources_seeded" time="0.118" /><testcase classname="backend.tests.test_api" name="test_put_resource_persists" time="0.286" /><testcase classname="backend.tests.test_api" name="test_verify_pin_correct" time="0.100" /><testcase classname="backend.tests.test_api" name="test_verify_pin_wrong" time="0.134" /></testsuite></testsuites>